<?xml version="1.0" encoding="UTF-8"?>
<testsuite name="com.chuckwagon.ChuckWagonApplicationTests" tests="7" skipped="0" failures="0" errors="0" timestamp="2016-04-12T19:18:54" hostname="OTR.local" time="0.666">
  <properties/>
  <testcase name="aCreateVendorTest" classname="com.chuckwagon.ChuckWagonApplicationTests" time="0.342"/>
  <testcase name="bLoginTest" classname="com.chuckwagon.ChuckWagonApplicationTests" time="0.141"/>
  <testcase name="cEditVendorFileUploadTest" classname="com.chuckwagon.ChuckWagonApplicationTests" time="0.045"/>
  <testcase name="eCreateMenuTest" classname="com.chuckwagon.ChuckWagonApplicationTests" time="0.018"/>
  <testcase name="fAddLocationTest" classname="com.chuckwagon.ChuckWagonApplicationTests" time="0.051"/>
  <testcase name="gEditLocationTest" classname="com.chuckwagon.ChuckWagonApplicationTests" time="0.033"/>
  <testcase name="zDeleteVendorTest" classname="com.chuckwagon.ChuckWagonApplicationTests" time="0.029"/>
  <system-out><![CDATA[15:18:48.384 [Test worker] DEBUG o.s.t.c.j.SpringJUnit4ClassRunner - SpringJUnit4ClassRunner constructor called with [class com.chuckwagon.ChuckWagonApplicationTests]
15:18:48.392 [Test worker] DEBUG o.s.test.context.BootstrapUtils - Instantiating CacheAwareContextLoaderDelegate from class [org.springframework.test.context.cache.DefaultCacheAwareContextLoaderDelegate]
15:18:48.397 [Test worker] DEBUG o.s.test.context.BootstrapUtils - Instantiating BootstrapContext using constructor [public org.springframework.test.context.support.DefaultBootstrapContext(java.lang.Class,org.springframework.test.context.CacheAwareContextLoaderDelegate)]
15:18:48.409 [Test worker] DEBUG o.s.test.context.BootstrapUtils - Instantiating TestContextBootstrapper for test class [com.chuckwagon.ChuckWagonApplicationTests] from class [org.springframework.test.context.web.WebTestContextBootstrapper]
15:18:48.440 [Test worker] DEBUG o.s.t.c.w.WebTestContextBootstrapper - Found explicit ContextLoader class [org.springframework.boot.test.SpringApplicationContextLoader] for context configuration attributes [ContextConfigurationAttributes@1e35f9fb declaringClass = 'com.chuckwagon.ChuckWagonApplicationTests', classes = '{class com.chuckwagon.ChuckWagonApplication}', locations = '{}', inheritLocations = true, initializers = '{}', inheritInitializers = true, name = [null], contextLoaderClass = 'org.springframework.boot.test.SpringApplicationContextLoader']
15:18:48.446 [Test worker] DEBUG o.s.t.c.s.AbstractContextLoader - Did not detect default resource location for test class [com.chuckwagon.ChuckWagonApplicationTests]: class path resource [com/chuckwagon/ChuckWagonApplicationTests-context.xml] does not exist
15:18:48.446 [Test worker] DEBUG o.s.t.c.s.AbstractContextLoader - Did not detect default resource location for test class [com.chuckwagon.ChuckWagonApplicationTests]: class path resource [com/chuckwagon/ChuckWagonApplicationTestsContext.groovy] does not exist
15:18:48.446 [Test worker] INFO  o.s.t.c.s.AbstractContextLoader - Could not detect default resource locations for test class [com.chuckwagon.ChuckWagonApplicationTests]: no resource found for suffixes {-context.xml, Context.groovy}.
15:18:48.449 [Test worker] DEBUG o.s.t.c.support.ActiveProfilesUtils - Could not find an 'annotation declaring class' for annotation type [org.springframework.test.context.ActiveProfiles] and class [com.chuckwagon.ChuckWagonApplicationTests]
15:18:48.455 [Test worker] DEBUG o.s.t.c.w.WebTestContextBootstrapper - @TestExecutionListeners is not present for class [com.chuckwagon.ChuckWagonApplicationTests]: using defaults.
15:18:48.466 [Test worker] INFO  o.s.t.c.w.WebTestContextBootstrapper - Loaded default TestExecutionListener class names from location [META-INF/spring.factories]: [org.springframework.test.context.web.ServletTestExecutionListener, org.springframework.test.context.support.DirtiesContextBeforeModesTestExecutionListener, org.springframework.test.context.support.DependencyInjectionTestExecutionListener, org.springframework.test.context.support.DirtiesContextTestExecutionListener, org.springframework.test.context.transaction.TransactionalTestExecutionListener, org.springframework.test.context.jdbc.SqlScriptsTestExecutionListener]
15:18:48.488 [Test worker] INFO  o.s.t.c.w.WebTestContextBootstrapper - Using TestExecutionListeners: [org.springframework.test.context.web.ServletTestExecutionListener@28f52f87, org.springframework.test.context.support.DirtiesContextBeforeModesTestExecutionListener@312db877, org.springframework.test.context.support.DependencyInjectionTestExecutionListener@1bb2a2c0, org.springframework.test.context.support.DirtiesContextTestExecutionListener@5f857698, org.springframework.test.context.transaction.TransactionalTestExecutionListener@5e8de3f8, org.springframework.test.context.jdbc.SqlScriptsTestExecutionListener@23f165e]
15:18:48.493 [Test worker] DEBUG o.s.t.annotation.ProfileValueUtils - Retrieved @ProfileValueSourceConfiguration [null] for test class [com.chuckwagon.ChuckWagonApplicationTests]
15:18:48.494 [Test worker] DEBUG o.s.t.annotation.ProfileValueUtils - Retrieved ProfileValueSource type [class org.springframework.test.annotation.SystemProfileValueSource] for class [com.chuckwagon.ChuckWagonApplicationTests]
15:18:48.495 [Test worker] DEBUG o.s.t.annotation.ProfileValueUtils - Retrieved @ProfileValueSourceConfiguration [null] for test class [com.chuckwagon.ChuckWagonApplicationTests]
15:18:48.495 [Test worker] DEBUG o.s.t.annotation.ProfileValueUtils - Retrieved ProfileValueSource type [class org.springframework.test.annotation.SystemProfileValueSource] for class [com.chuckwagon.ChuckWagonApplicationTests]
15:18:48.497 [Test worker] DEBUG o.s.t.c.s.AbstractDirtiesContextTestExecutionListener - Before test class: context [DefaultTestContext@6eb0b95a testClass = ChuckWagonApplicationTests, testInstance = [null], testMethod = [null], testException = [null], mergedContextConfiguration = [WebMergedContextConfiguration@63016e56 testClass = ChuckWagonApplicationTests, locations = '{}', classes = '{class com.chuckwagon.ChuckWagonApplication}', contextInitializerClasses = '[]', activeProfiles = '{}', propertySourceLocations = '{}', propertySourceProperties = '{}', resourceBasePath = 'src/main/webapp', contextLoader = 'org.springframework.boot.test.SpringApplicationContextLoader', parent = [null]]], class annotated with @DirtiesContext [false] with mode [null].
15:18:48.498 [Test worker] DEBUG o.s.t.annotation.ProfileValueUtils - Retrieved @ProfileValueSourceConfiguration [null] for test class [com.chuckwagon.ChuckWagonApplicationTests]
15:18:48.498 [Test worker] DEBUG o.s.t.annotation.ProfileValueUtils - Retrieved ProfileValueSource type [class org.springframework.test.annotation.SystemProfileValueSource] for class [com.chuckwagon.ChuckWagonApplicationTests]
15:18:48.579 [Test worker] DEBUG o.s.core.env.StandardEnvironment - Adding [systemProperties] PropertySource with lowest search precedence
15:18:48.580 [Test worker] DEBUG o.s.core.env.StandardEnvironment - Adding [systemEnvironment] PropertySource with lowest search precedence
15:18:48.581 [Test worker] DEBUG o.s.core.env.StandardEnvironment - Initialized StandardEnvironment with PropertySources [systemProperties,systemEnvironment]
15:18:48.582 [Test worker] DEBUG o.s.core.env.StandardEnvironment - Adding [integrationTest] PropertySource with search precedence immediately lower than [systemEnvironment]

  .   ____          _            __ _ _
 /\\ / ___'_ __ _ _(_)_ __  __ _ \ \ \ \
( ( )\___ | '_ | '_| | '_ \/ _` | \ \ \ \
 \\/  ___)| |_)| | | | | || (_| |  ) ) ) )
  '  |____| .__|_| |_|_| |_\__, | / / / /
 =========|_|==============|___/=/_/_/_/
 :: Spring Boot ::             (v1.4.0.M1)

2016-04-12 15:18:48.867  INFO 2994 --- [    Test worker] c.chuckwagon.ChuckWagonApplicationTests  : Starting ChuckWagonApplicationTests on OTR.local with PID 2994 (/Users/branden/ChuckWagon/build/classes/test started by branden in /Users/branden/ChuckWagon)
2016-04-12 15:18:48.868  INFO 2994 --- [    Test worker] c.chuckwagon.ChuckWagonApplicationTests  : No active profile set, falling back to default profiles: default
2016-04-12 15:18:48.955  INFO 2994 --- [    Test worker] o.s.w.c.s.GenericWebApplicationContext   : Refreshing org.springframework.web.context.support.GenericWebApplicationContext@199fd38c: startup date [Tue Apr 12 15:18:48 EDT 2016]; root of context hierarchy
2016-04-12 15:18:49.941  INFO 2994 --- [    Test worker] o.s.b.f.s.DefaultListableBeanFactory     : Overriding bean definition for bean 'beanNameViewResolver' with a different definition: replacing [Root bean: class [null]; scope=; abstract=false; lazyInit=false; autowireMode=3; dependencyCheck=0; autowireCandidate=true; primary=false; factoryBeanName=org.springframework.boot.autoconfigure.web.ErrorMvcAutoConfiguration$WhitelabelErrorViewConfiguration; factoryMethodName=beanNameViewResolver; initMethodName=null; destroyMethodName=(inferred); defined in class path resource [org/springframework/boot/autoconfigure/web/ErrorMvcAutoConfiguration$WhitelabelErrorViewConfiguration.class]] with [Root bean: class [null]; scope=; abstract=false; lazyInit=false; autowireMode=3; dependencyCheck=0; autowireCandidate=true; primary=false; factoryBeanName=org.springframework.boot.autoconfigure.web.WebMvcAutoConfiguration$WebMvcAutoConfigurationAdapter; factoryMethodName=beanNameViewResolver; initMethodName=null; destroyMethodName=(inferred); defined in class path resource [org/springframework/boot/autoconfigure/web/WebMvcAutoConfiguration$WebMvcAutoConfigurationAdapter.class]]
2016-04-12 15:18:50.496  INFO 2994 --- [    Test worker] trationDelegate$BeanPostProcessorChecker : Bean 'org.springframework.transaction.annotation.ProxyTransactionManagementConfiguration' of type [class org.springframework.transaction.annotation.ProxyTransactionManagementConfiguration$$EnhancerBySpringCGLIB$$1866cb77] is not eligible for getting processed by all BeanPostProcessors (for example: not eligible for auto-proxying)
2016-04-12 15:18:51.031  INFO 2994 --- [    Test worker] j.LocalContainerEntityManagerFactoryBean : Building JPA container EntityManagerFactory for persistence unit 'default'
2016-04-12 15:18:51.064  INFO 2994 --- [    Test worker] o.hibernate.jpa.internal.util.LogHelper  : HHH000204: Processing PersistenceUnitInfo [
	name: default
	...]
2016-04-12 15:18:51.157  INFO 2994 --- [    Test worker] org.hibernate.Version                    : HHH000412: Hibernate Core {4.3.11.Final}
2016-04-12 15:18:51.158  INFO 2994 --- [    Test worker] org.hibernate.cfg.Environment            : HHH000206: hibernate.properties not found
2016-04-12 15:18:51.160  INFO 2994 --- [    Test worker] org.hibernate.cfg.Environment            : HHH000021: Bytecode provider name : javassist
2016-04-12 15:18:51.426  INFO 2994 --- [    Test worker] o.hibernate.annotations.common.Version   : HCANN000001: Hibernate Commons Annotations {4.0.5.Final}
2016-04-12 15:18:51.674  INFO 2994 --- [    Test worker] org.hibernate.dialect.Dialect            : HHH000400: Using dialect: org.hibernate.dialect.H2Dialect
2016-04-12 15:18:51.898  INFO 2994 --- [    Test worker] o.h.h.i.ast.ASTQueryTranslatorFactory    : HHH000397: Using ASTQueryTranslatorFactory
2016-04-12 15:18:52.173  INFO 2994 --- [    Test worker] org.hibernate.tool.hbm2ddl.SchemaUpdate  : HHH000228: Running hbm2ddl schema update
2016-04-12 15:18:52.173  INFO 2994 --- [    Test worker] org.hibernate.tool.hbm2ddl.SchemaUpdate  : HHH000102: Fetching database metadata
2016-04-12 15:18:52.175  INFO 2994 --- [    Test worker] org.hibernate.tool.hbm2ddl.SchemaUpdate  : HHH000396: Updating schema
2016-04-12 15:18:52.181  INFO 2994 --- [    Test worker] java.sql.DatabaseMetaData                : HHH000262: Table not found: location
2016-04-12 15:18:52.182  INFO 2994 --- [    Test worker] java.sql.DatabaseMetaData                : HHH000262: Table not found: menu
2016-04-12 15:18:52.183  INFO 2994 --- [    Test worker] java.sql.DatabaseMetaData                : HHH000262: Table not found: tag
2016-04-12 15:18:52.184  INFO 2994 --- [    Test worker] java.sql.DatabaseMetaData                : HHH000262: Table not found: tag_vendor
2016-04-12 15:18:52.185  INFO 2994 --- [    Test worker] java.sql.DatabaseMetaData                : HHH000262: Table not found: vendor
2016-04-12 15:18:52.188  INFO 2994 --- [    Test worker] java.sql.DatabaseMetaData                : HHH000262: Table not found: location
2016-04-12 15:18:52.189  INFO 2994 --- [    Test worker] java.sql.DatabaseMetaData                : HHH000262: Table not found: menu
2016-04-12 15:18:52.190  INFO 2994 --- [    Test worker] java.sql.DatabaseMetaData                : HHH000262: Table not found: tag
2016-04-12 15:18:52.192  INFO 2994 --- [    Test worker] java.sql.DatabaseMetaData                : HHH000262: Table not found: tag_vendor
2016-04-12 15:18:52.193  INFO 2994 --- [    Test worker] java.sql.DatabaseMetaData                : HHH000262: Table not found: vendor
2016-04-12 15:18:52.194  INFO 2994 --- [    Test worker] java.sql.DatabaseMetaData                : HHH000262: Table not found: location
2016-04-12 15:18:52.195  INFO 2994 --- [    Test worker] java.sql.DatabaseMetaData                : HHH000262: Table not found: menu
2016-04-12 15:18:52.196  INFO 2994 --- [    Test worker] java.sql.DatabaseMetaData                : HHH000262: Table not found: tag
2016-04-12 15:18:52.197  INFO 2994 --- [    Test worker] java.sql.DatabaseMetaData                : HHH000262: Table not found: tag_vendor
2016-04-12 15:18:52.197  INFO 2994 --- [    Test worker] java.sql.DatabaseMetaData                : HHH000262: Table not found: vendor
2016-04-12 15:18:52.226  INFO 2994 --- [    Test worker] org.hibernate.tool.hbm2ddl.SchemaUpdate  : HHH000232: Schema update complete
2016-04-12 15:18:54.229  INFO 2994 --- [    Test worker] s.w.s.m.m.a.RequestMappingHandlerAdapter : Looking for @ControllerAdvice: org.springframework.web.context.support.GenericWebApplicationContext@199fd38c: startup date [Tue Apr 12 15:18:48 EDT 2016]; root of context hierarchy
2016-04-12 15:18:54.320  INFO 2994 --- [    Test worker] s.w.s.m.m.a.RequestMappingHandlerMapping : Mapped "{[/vendor/login],methods=[POST]}" onto public org.springframework.http.ResponseEntity<?> com.chuckwagon.controllers.ChuckWagonController.login(java.util.HashMap) throws com.chuckwagon.utils.PasswordStorage$InvalidHashException,com.chuckwagon.utils.PasswordStorage$CannotPerformOperationException
2016-04-12 15:18:54.323  INFO 2994 --- [    Test worker] s.w.s.m.m.a.RequestMappingHandlerMapping : Mapped "{[/vendor/{id}/logout],methods=[POST]}" onto public org.springframework.http.ResponseEntity<?> com.chuckwagon.controllers.ChuckWagonController.logout(javax.servlet.http.HttpSession,java.lang.Integer)
2016-04-12 15:18:54.324  INFO 2994 --- [    Test worker] s.w.s.m.m.a.RequestMappingHandlerMapping : Mapped "{[/vendor],methods=[POST]}" onto public org.springframework.http.ResponseEntity<?> com.chuckwagon.controllers.ChuckWagonController.addVendor(com.chuckwagon.entities.Vendor) throws com.chuckwagon.utils.PasswordStorage$CannotPerformOperationException
2016-04-12 15:18:54.325  INFO 2994 --- [    Test worker] s.w.s.m.m.a.RequestMappingHandlerMapping : Mapped "{[/vendor/{id}/menu],methods=[POST]}" onto public org.springframework.http.ResponseEntity<?> com.chuckwagon.controllers.ChuckWagonController.addMenuToVendor(java.lang.Integer,org.springframework.web.multipart.MultipartFile,java.lang.String,javax.servlet.http.HttpSession) throws java.io.IOException
2016-04-12 15:18:54.325  INFO 2994 --- [    Test worker] s.w.s.m.m.a.RequestMappingHandlerMapping : Mapped "{[/vendor/{id}],methods=[GET]}" onto public org.springframework.http.ResponseEntity<?> com.chuckwagon.controllers.ChuckWagonController.getVendor(java.lang.Integer)
2016-04-12 15:18:54.326  INFO 2994 --- [    Test worker] s.w.s.m.m.a.RequestMappingHandlerMapping : Mapped "{[/vendor/{id}/photo],methods=[POST]}" onto public org.springframework.http.ResponseEntity<?> com.chuckwagon.controllers.ChuckWagonController.updateVendor(java.lang.Integer,org.springframework.web.multipart.MultipartFile) throws java.io.IOException
2016-04-12 15:18:54.326  INFO 2994 --- [    Test worker] s.w.s.m.m.a.RequestMappingHandlerMapping : Mapped "{[/vendor/{id}],methods=[PUT]}" onto public org.springframework.http.ResponseEntity<?> com.chuckwagon.controllers.ChuckWagonController.updateVendor(java.lang.Integer,java.util.HashMap<java.lang.String, java.lang.Object>)
2016-04-12 15:18:54.327  INFO 2994 --- [    Test worker] s.w.s.m.m.a.RequestMappingHandlerMapping : Mapped "{[/vendor/{id}],methods=[DELETE]}" onto public org.springframework.http.ResponseEntity<?> com.chuckwagon.controllers.ChuckWagonController.deleteVendor(java.lang.Integer,javax.servlet.http.HttpSession)
2016-04-12 15:18:54.328  INFO 2994 --- [    Test worker] s.w.s.m.m.a.RequestMappingHandlerMapping : Mapped "{[/vendor/{id}/location],methods=[POST]}" onto public org.springframework.http.ResponseEntity<?> com.chuckwagon.controllers.ChuckWagonController.addVendorLocation(java.lang.Integer,com.chuckwagon.entities.Location)
2016-04-12 15:18:54.328  INFO 2994 --- [    Test worker] s.w.s.m.m.a.RequestMappingHandlerMapping : Mapped "{[/vendor/location],methods=[GET]}" onto public org.springframework.http.ResponseEntity<?> com.chuckwagon.controllers.ChuckWagonController.getVendorLocations()
2016-04-12 15:18:54.329  INFO 2994 --- [    Test worker] s.w.s.m.m.a.RequestMappingHandlerMapping : Mapped "{[/{Location}],methods=[GET]}" onto public java.util.List<com.chuckwagon.entities.Vendor> com.chuckwagon.controllers.ChuckWagonController.vendorByLocation(com.chuckwagon.entities.Location)
2016-04-12 15:18:54.329  INFO 2994 --- [    Test worker] s.w.s.m.m.a.RequestMappingHandlerMapping : Mapped "{[/**],methods=[OPTIONS]}" onto public void com.chuckwagon.controllers.ChuckWagonController.manageOptions(javax.servlet.http.HttpServletResponse)
2016-04-12 15:18:54.335  INFO 2994 --- [    Test worker] s.w.s.m.m.a.RequestMappingHandlerMapping : Mapped "{[/error]}" onto public org.springframework.http.ResponseEntity<java.util.Map<java.lang.String, java.lang.Object>> org.springframework.boot.autoconfigure.web.BasicErrorController.error(javax.servlet.http.HttpServletRequest)
2016-04-12 15:18:54.335  INFO 2994 --- [    Test worker] s.w.s.m.m.a.RequestMappingHandlerMapping : Mapped "{[/error],produces=[text/html]}" onto public org.springframework.web.servlet.ModelAndView org.springframework.boot.autoconfigure.web.BasicErrorController.errorHtml(javax.servlet.http.HttpServletRequest,javax.servlet.http.HttpServletResponse)
2016-04-12 15:18:54.374  INFO 2994 --- [    Test worker] o.s.w.s.handler.SimpleUrlHandlerMapping  : Mapped URL path [/webjars/**] onto handler of type [class org.springframework.web.servlet.resource.ResourceHttpRequestHandler]
2016-04-12 15:18:54.374  INFO 2994 --- [    Test worker] o.s.w.s.handler.SimpleUrlHandlerMapping  : Mapped URL path [/**] onto handler of type [class org.springframework.web.servlet.resource.ResourceHttpRequestHandler]
2016-04-12 15:18:54.427  INFO 2994 --- [    Test worker] o.s.w.s.handler.SimpleUrlHandlerMapping  : Mapped URL path [/**/favicon.ico] onto handler of type [class org.springframework.web.servlet.resource.ResourceHttpRequestHandler]
2016-04-12 15:18:54.725  INFO 2994 --- [    Test worker] c.chuckwagon.ChuckWagonApplicationTests  : Started ChuckWagonApplicationTests in 6.132 seconds (JVM running for 7.325)
2016-04-12 15:18:54.762  INFO 2994 --- [    Test worker] o.s.b.test.SpringBootMockServletContext  : Initializing Spring FrameworkServlet ''
2016-04-12 15:18:54.762  INFO 2994 --- [    Test worker] o.s.t.web.servlet.TestDispatcherServlet  : FrameworkServlet '': initialization started
2016-04-12 15:18:54.779  INFO 2994 --- [    Test worker] o.s.t.web.servlet.TestDispatcherServlet  : FrameworkServlet '': initialization completed in 17 ms
2016-04-12 15:18:55.093  INFO 2994 --- [    Test worker] o.s.b.test.SpringBootMockServletContext  : Initializing Spring FrameworkServlet ''
2016-04-12 15:18:55.093  INFO 2994 --- [    Test worker] o.s.t.web.servlet.TestDispatcherServlet  : FrameworkServlet '': initialization started
2016-04-12 15:18:55.097  INFO 2994 --- [    Test worker] o.s.t.web.servlet.TestDispatcherServlet  : FrameworkServlet '': initialization completed in 3 ms
2016-04-12 15:18:55.236  INFO 2994 --- [    Test worker] o.s.b.test.SpringBootMockServletContext  : Initializing Spring FrameworkServlet ''
2016-04-12 15:18:55.236  INFO 2994 --- [    Test worker] o.s.t.web.servlet.TestDispatcherServlet  : FrameworkServlet '': initialization started
2016-04-12 15:18:55.240  INFO 2994 --- [    Test worker] o.s.t.web.servlet.TestDispatcherServlet  : FrameworkServlet '': initialization completed in 4 ms
2016-04-12 15:18:55.281  INFO 2994 --- [    Test worker] o.s.b.test.SpringBootMockServletContext  : Initializing Spring FrameworkServlet ''
2016-04-12 15:18:55.281  INFO 2994 --- [    Test worker] o.s.t.web.servlet.TestDispatcherServlet  : FrameworkServlet '': initialization started
2016-04-12 15:18:55.283  INFO 2994 --- [    Test worker] o.s.t.web.servlet.TestDispatcherServlet  : FrameworkServlet '': initialization completed in 2 ms
Menu{id=1, vendor=com.chuckwagon.entities.Vendor@57b852a, name='Monday', photoLocation='public/images/bonbanhmi/menus/image2367979763651663131imageFromClient.jpg'}
2016-04-12 15:18:55.299  INFO 2994 --- [    Test worker] o.s.b.test.SpringBootMockServletContext  : Initializing Spring FrameworkServlet ''
2016-04-12 15:18:55.299  INFO 2994 --- [    Test worker] o.s.t.web.servlet.TestDispatcherServlet  : FrameworkServlet '': initialization started
2016-04-12 15:18:55.302  INFO 2994 --- [    Test worker] o.s.t.web.servlet.TestDispatcherServlet  : FrameworkServlet '': initialization completed in 3 ms
2016-04-12 15:18:55.352  INFO 2994 --- [    Test worker] o.s.b.test.SpringBootMockServletContext  : Initializing Spring FrameworkServlet ''
2016-04-12 15:18:55.353  INFO 2994 --- [    Test worker] o.s.t.web.servlet.TestDispatcherServlet  : FrameworkServlet '': initialization started
2016-04-12 15:18:55.356  INFO 2994 --- [    Test worker] o.s.t.web.servlet.TestDispatcherServlet  : FrameworkServlet '': initialization completed in 3 ms
2016-04-12 15:18:55.386  INFO 2994 --- [    Test worker] o.s.b.test.SpringBootMockServletContext  : Initializing Spring FrameworkServlet ''
2016-04-12 15:18:55.387  INFO 2994 --- [    Test worker] o.s.t.web.servlet.TestDispatcherServlet  : FrameworkServlet '': initialization started
2016-04-12 15:18:55.389  INFO 2994 --- [    Test worker] o.s.t.web.servlet.TestDispatcherServlet  : FrameworkServlet '': initialization completed in 2 ms
]]></system-out>
  <system-err><![CDATA[]]></system-err>
</testsuite>
