<?xml version="1.0" encoding="UTF-8"?>
<testsuite name="com.chuckwagon.ChuckWagonApplicationTests" tests="6" skipped="0" failures="0" errors="0" timestamp="2016-04-11T18:34:11" hostname="OTR.local" time="1.397">
  <properties/>
  <testcase name="aCreateVendorTest" classname="com.chuckwagon.ChuckWagonApplicationTests" time="0.843"/>
  <testcase name="bLoginTest" classname="com.chuckwagon.ChuckWagonApplicationTests" time="0.364"/>
  <testcase name="cEditVendorFileUploadTest" classname="com.chuckwagon.ChuckWagonApplicationTests" time="0.052"/>
  <testcase name="eCreateMenuTest" classname="com.chuckwagon.ChuckWagonApplicationTests" time="0.027"/>
  <testcase name="fAddLocationTest" classname="com.chuckwagon.ChuckWagonApplicationTests" time="0.061"/>
  <testcase name="zDeleteVendorTest" classname="com.chuckwagon.ChuckWagonApplicationTests" time="0.041"/>
  <system-out><![CDATA[14:34:05.802 [Test worker] DEBUG o.s.t.c.j.SpringJUnit4ClassRunner - SpringJUnit4ClassRunner constructor called with [class com.chuckwagon.ChuckWagonApplicationTests]
14:34:05.809 [Test worker] DEBUG o.s.test.context.BootstrapUtils - Instantiating CacheAwareContextLoaderDelegate from class [org.springframework.test.context.cache.DefaultCacheAwareContextLoaderDelegate]
14:34:05.814 [Test worker] DEBUG o.s.test.context.BootstrapUtils - Instantiating BootstrapContext using constructor [public org.springframework.test.context.support.DefaultBootstrapContext(java.lang.Class,org.springframework.test.context.CacheAwareContextLoaderDelegate)]
14:34:05.827 [Test worker] DEBUG o.s.test.context.BootstrapUtils - Instantiating TestContextBootstrapper for test class [com.chuckwagon.ChuckWagonApplicationTests] from class [org.springframework.test.context.web.WebTestContextBootstrapper]
14:34:05.849 [Test worker] DEBUG o.s.t.c.w.WebTestContextBootstrapper - Found explicit ContextLoader class [org.springframework.boot.test.SpringApplicationContextLoader] for context configuration attributes [ContextConfigurationAttributes@50742be4 declaringClass = 'com.chuckwagon.ChuckWagonApplicationTests', classes = '{class com.chuckwagon.ChuckWagonApplication}', locations = '{}', inheritLocations = true, initializers = '{}', inheritInitializers = true, name = [null], contextLoaderClass = 'org.springframework.boot.test.SpringApplicationContextLoader']
14:34:05.865 [Test worker] DEBUG o.s.t.c.s.AbstractContextLoader - Did not detect default resource location for test class [com.chuckwagon.ChuckWagonApplicationTests]: class path resource [com/chuckwagon/ChuckWagonApplicationTests-context.xml] does not exist
14:34:05.865 [Test worker] DEBUG o.s.t.c.s.AbstractContextLoader - Did not detect default resource location for test class [com.chuckwagon.ChuckWagonApplicationTests]: class path resource [com/chuckwagon/ChuckWagonApplicationTestsContext.groovy] does not exist
14:34:05.865 [Test worker] INFO  o.s.t.c.s.AbstractContextLoader - Could not detect default resource locations for test class [com.chuckwagon.ChuckWagonApplicationTests]: no resource found for suffixes {-context.xml, Context.groovy}.
14:34:05.868 [Test worker] DEBUG o.s.t.c.support.ActiveProfilesUtils - Could not find an 'annotation declaring class' for annotation type [org.springframework.test.context.ActiveProfiles] and class [com.chuckwagon.ChuckWagonApplicationTests]
14:34:05.873 [Test worker] DEBUG o.s.t.c.w.WebTestContextBootstrapper - @TestExecutionListeners is not present for class [com.chuckwagon.ChuckWagonApplicationTests]: using defaults.
14:34:05.882 [Test worker] INFO  o.s.t.c.w.WebTestContextBootstrapper - Loaded default TestExecutionListener class names from location [META-INF/spring.factories]: [org.springframework.test.context.web.ServletTestExecutionListener, org.springframework.test.context.support.DirtiesContextBeforeModesTestExecutionListener, org.springframework.test.context.support.DependencyInjectionTestExecutionListener, org.springframework.test.context.support.DirtiesContextTestExecutionListener, org.springframework.test.context.transaction.TransactionalTestExecutionListener, org.springframework.test.context.jdbc.SqlScriptsTestExecutionListener]
14:34:05.905 [Test worker] INFO  o.s.t.c.w.WebTestContextBootstrapper - Using TestExecutionListeners: [org.springframework.test.context.web.ServletTestExecutionListener@2cb22481, org.springframework.test.context.support.DirtiesContextBeforeModesTestExecutionListener@23b89339, org.springframework.test.context.support.DependencyInjectionTestExecutionListener@61e0fa43, org.springframework.test.context.support.DirtiesContextTestExecutionListener@2c369051, org.springframework.test.context.transaction.TransactionalTestExecutionListener@111d3f7a, org.springframework.test.context.jdbc.SqlScriptsTestExecutionListener@765b473b]
14:34:05.908 [Test worker] DEBUG o.s.t.annotation.ProfileValueUtils - Retrieved @ProfileValueSourceConfiguration [null] for test class [com.chuckwagon.ChuckWagonApplicationTests]
14:34:05.909 [Test worker] DEBUG o.s.t.annotation.ProfileValueUtils - Retrieved ProfileValueSource type [class org.springframework.test.annotation.SystemProfileValueSource] for class [com.chuckwagon.ChuckWagonApplicationTests]
14:34:05.910 [Test worker] DEBUG o.s.t.annotation.ProfileValueUtils - Retrieved @ProfileValueSourceConfiguration [null] for test class [com.chuckwagon.ChuckWagonApplicationTests]
14:34:05.910 [Test worker] DEBUG o.s.t.annotation.ProfileValueUtils - Retrieved ProfileValueSource type [class org.springframework.test.annotation.SystemProfileValueSource] for class [com.chuckwagon.ChuckWagonApplicationTests]
14:34:05.914 [Test worker] DEBUG o.s.t.c.s.AbstractDirtiesContextTestExecutionListener - Before test class: context [DefaultTestContext@77422c05 testClass = ChuckWagonApplicationTests, testInstance = [null], testMethod = [null], testException = [null], mergedContextConfiguration = [WebMergedContextConfiguration@300f89cd testClass = ChuckWagonApplicationTests, locations = '{}', classes = '{class com.chuckwagon.ChuckWagonApplication}', contextInitializerClasses = '[]', activeProfiles = '{}', propertySourceLocations = '{}', propertySourceProperties = '{}', resourceBasePath = 'src/main/webapp', contextLoader = 'org.springframework.boot.test.SpringApplicationContextLoader', parent = [null]]], class annotated with @DirtiesContext [false] with mode [null].
14:34:05.915 [Test worker] DEBUG o.s.t.annotation.ProfileValueUtils - Retrieved @ProfileValueSourceConfiguration [null] for test class [com.chuckwagon.ChuckWagonApplicationTests]
14:34:05.916 [Test worker] DEBUG o.s.t.annotation.ProfileValueUtils - Retrieved ProfileValueSource type [class org.springframework.test.annotation.SystemProfileValueSource] for class [com.chuckwagon.ChuckWagonApplicationTests]
14:34:05.995 [Test worker] DEBUG o.s.core.env.StandardEnvironment - Adding [systemProperties] PropertySource with lowest search precedence
14:34:05.996 [Test worker] DEBUG o.s.core.env.StandardEnvironment - Adding [systemEnvironment] PropertySource with lowest search precedence
14:34:05.997 [Test worker] DEBUG o.s.core.env.StandardEnvironment - Initialized StandardEnvironment with PropertySources [systemProperties,systemEnvironment]
14:34:05.998 [Test worker] DEBUG o.s.core.env.StandardEnvironment - Adding [integrationTest] PropertySource with search precedence immediately lower than [systemEnvironment]

  .   ____          _            __ _ _
 /\\ / ___'_ __ _ _(_)_ __  __ _ \ \ \ \
( ( )\___ | '_ | '_| | '_ \/ _` | \ \ \ \
 \\/  ___)| |_)| | | | | || (_| |  ) ) ) )
  '  |____| .__|_| |_|_| |_\__, | / / / /
 =========|_|==============|___/=/_/_/_/
 :: Spring Boot ::             (v1.4.0.M1)

2016-04-11 14:34:06.286  INFO 4788 --- [    Test worker] c.chuckwagon.ChuckWagonApplicationTests  : Starting ChuckWagonApplicationTests on OTR.local with PID 4788 (/Users/branden/ChuckWagon/build/classes/test started by branden in /Users/branden/ChuckWagon)
2016-04-11 14:34:06.287  INFO 4788 --- [    Test worker] c.chuckwagon.ChuckWagonApplicationTests  : No active profile set, falling back to default profiles: default
2016-04-11 14:34:06.383  INFO 4788 --- [    Test worker] o.s.w.c.s.GenericWebApplicationContext   : Refreshing org.springframework.web.context.support.GenericWebApplicationContext@27bb0932: startup date [Mon Apr 11 14:34:06 EDT 2016]; root of context hierarchy
2016-04-11 14:34:07.328  INFO 4788 --- [    Test worker] o.s.b.f.s.DefaultListableBeanFactory     : Overriding bean definition for bean 'beanNameViewResolver' with a different definition: replacing [Root bean: class [null]; scope=; abstract=false; lazyInit=false; autowireMode=3; dependencyCheck=0; autowireCandidate=true; primary=false; factoryBeanName=org.springframework.boot.autoconfigure.web.ErrorMvcAutoConfiguration$WhitelabelErrorViewConfiguration; factoryMethodName=beanNameViewResolver; initMethodName=null; destroyMethodName=(inferred); defined in class path resource [org/springframework/boot/autoconfigure/web/ErrorMvcAutoConfiguration$WhitelabelErrorViewConfiguration.class]] with [Root bean: class [null]; scope=; abstract=false; lazyInit=false; autowireMode=3; dependencyCheck=0; autowireCandidate=true; primary=false; factoryBeanName=org.springframework.boot.autoconfigure.web.WebMvcAutoConfiguration$WebMvcAutoConfigurationAdapter; factoryMethodName=beanNameViewResolver; initMethodName=null; destroyMethodName=(inferred); defined in class path resource [org/springframework/boot/autoconfigure/web/WebMvcAutoConfiguration$WebMvcAutoConfigurationAdapter.class]]
2016-04-11 14:34:07.812  INFO 4788 --- [    Test worker] trationDelegate$BeanPostProcessorChecker : Bean 'org.springframework.transaction.annotation.ProxyTransactionManagementConfiguration' of type [class org.springframework.transaction.annotation.ProxyTransactionManagementConfiguration$$EnhancerBySpringCGLIB$$76f2edfe] is not eligible for getting processed by all BeanPostProcessors (for example: not eligible for auto-proxying)
2016-04-11 14:34:08.312  INFO 4788 --- [    Test worker] j.LocalContainerEntityManagerFactoryBean : Building JPA container EntityManagerFactory for persistence unit 'default'
2016-04-11 14:34:08.343  INFO 4788 --- [    Test worker] o.hibernate.jpa.internal.util.LogHelper  : HHH000204: Processing PersistenceUnitInfo [
	name: default
	...]
2016-04-11 14:34:08.459  INFO 4788 --- [    Test worker] org.hibernate.Version                    : HHH000412: Hibernate Core {4.3.11.Final}
2016-04-11 14:34:08.462  INFO 4788 --- [    Test worker] org.hibernate.cfg.Environment            : HHH000206: hibernate.properties not found
2016-04-11 14:34:08.465  INFO 4788 --- [    Test worker] org.hibernate.cfg.Environment            : HHH000021: Bytecode provider name : javassist
2016-04-11 14:34:08.743  INFO 4788 --- [    Test worker] o.hibernate.annotations.common.Version   : HCANN000001: Hibernate Commons Annotations {4.0.5.Final}
2016-04-11 14:34:09.054  INFO 4788 --- [    Test worker] org.hibernate.dialect.Dialect            : HHH000400: Using dialect: org.hibernate.dialect.H2Dialect
2016-04-11 14:34:09.310  INFO 4788 --- [    Test worker] o.h.h.i.ast.ASTQueryTranslatorFactory    : HHH000397: Using ASTQueryTranslatorFactory
2016-04-11 14:34:09.555  INFO 4788 --- [    Test worker] org.hibernate.tool.hbm2ddl.SchemaUpdate  : HHH000228: Running hbm2ddl schema update
2016-04-11 14:34:09.556  INFO 4788 --- [    Test worker] org.hibernate.tool.hbm2ddl.SchemaUpdate  : HHH000102: Fetching database metadata
2016-04-11 14:34:09.558  INFO 4788 --- [    Test worker] org.hibernate.tool.hbm2ddl.SchemaUpdate  : HHH000396: Updating schema
2016-04-11 14:34:09.565  INFO 4788 --- [    Test worker] java.sql.DatabaseMetaData                : HHH000262: Table not found: location
2016-04-11 14:34:09.567  INFO 4788 --- [    Test worker] java.sql.DatabaseMetaData                : HHH000262: Table not found: menu
2016-04-11 14:34:09.569  INFO 4788 --- [    Test worker] java.sql.DatabaseMetaData                : HHH000262: Table not found: tag
2016-04-11 14:34:09.570  INFO 4788 --- [    Test worker] java.sql.DatabaseMetaData                : HHH000262: Table not found: vendor
2016-04-11 14:34:09.572  INFO 4788 --- [    Test worker] java.sql.DatabaseMetaData                : HHH000262: Table not found: location
2016-04-11 14:34:09.573  INFO 4788 --- [    Test worker] java.sql.DatabaseMetaData                : HHH000262: Table not found: menu
2016-04-11 14:34:09.575  INFO 4788 --- [    Test worker] java.sql.DatabaseMetaData                : HHH000262: Table not found: tag
2016-04-11 14:34:09.576  INFO 4788 --- [    Test worker] java.sql.DatabaseMetaData                : HHH000262: Table not found: vendor
2016-04-11 14:34:09.577  INFO 4788 --- [    Test worker] java.sql.DatabaseMetaData                : HHH000262: Table not found: location
2016-04-11 14:34:09.578  INFO 4788 --- [    Test worker] java.sql.DatabaseMetaData                : HHH000262: Table not found: menu
2016-04-11 14:34:09.579  INFO 4788 --- [    Test worker] java.sql.DatabaseMetaData                : HHH000262: Table not found: tag
2016-04-11 14:34:09.580  INFO 4788 --- [    Test worker] java.sql.DatabaseMetaData                : HHH000262: Table not found: vendor
2016-04-11 14:34:09.606  INFO 4788 --- [    Test worker] org.hibernate.tool.hbm2ddl.SchemaUpdate  : HHH000232: Schema update complete
2016-04-11 14:34:10.689  INFO 4788 --- [    Test worker] s.w.s.m.m.a.RequestMappingHandlerAdapter : Looking for @ControllerAdvice: org.springframework.web.context.support.GenericWebApplicationContext@27bb0932: startup date [Mon Apr 11 14:34:06 EDT 2016]; root of context hierarchy
2016-04-11 14:34:10.781  INFO 4788 --- [    Test worker] s.w.s.m.m.a.RequestMappingHandlerMapping : Mapped "{[/vendor/{id}/logout],methods=[POST]}" onto public org.springframework.http.ResponseEntity<?> com.chuckwagon.controllers.ChuckWagonController.logout(javax.servlet.http.HttpSession,java.lang.Integer)
2016-04-11 14:34:10.785  INFO 4788 --- [    Test worker] s.w.s.m.m.a.RequestMappingHandlerMapping : Mapped "{[/vendor/login],methods=[POST]}" onto public org.springframework.http.ResponseEntity<?> com.chuckwagon.controllers.ChuckWagonController.login(java.util.HashMap,javax.servlet.http.HttpSession) throws com.chuckwagon.utils.PasswordStorage$InvalidHashException,com.chuckwagon.utils.PasswordStorage$CannotPerformOperationException
2016-04-11 14:34:10.785  INFO 4788 --- [    Test worker] s.w.s.m.m.a.RequestMappingHandlerMapping : Mapped "{[/vendor/{id}/menu],methods=[POST]}" onto public org.springframework.http.ResponseEntity<?> com.chuckwagon.controllers.ChuckWagonController.addMenuToVendor(java.lang.Integer,org.springframework.web.multipart.MultipartFile,java.lang.String,javax.servlet.http.HttpSession) throws java.io.IOException
2016-04-11 14:34:10.786  INFO 4788 --- [    Test worker] s.w.s.m.m.a.RequestMappingHandlerMapping : Mapped "{[/vendor],methods=[POST]}" onto public org.springframework.http.ResponseEntity<?> com.chuckwagon.controllers.ChuckWagonController.addVendor(com.chuckwagon.entities.Vendor) throws com.chuckwagon.utils.PasswordStorage$CannotPerformOperationException
2016-04-11 14:34:10.787  INFO 4788 --- [    Test worker] s.w.s.m.m.a.RequestMappingHandlerMapping : Mapped "{[/vendor/{id}],methods=[GET]}" onto public org.springframework.http.ResponseEntity<?> com.chuckwagon.controllers.ChuckWagonController.getVendor(java.lang.Integer)
2016-04-11 14:34:10.787  INFO 4788 --- [    Test worker] s.w.s.m.m.a.RequestMappingHandlerMapping : Mapped "{[/vendor/{id}],methods=[POST]}" onto public org.springframework.http.ResponseEntity<?> com.chuckwagon.controllers.ChuckWagonController.updateVendor(java.lang.Integer,org.springframework.web.multipart.MultipartFile,javax.servlet.http.HttpSession) throws java.io.IOException
2016-04-11 14:34:10.788  INFO 4788 --- [    Test worker] s.w.s.m.m.a.RequestMappingHandlerMapping : Mapped "{[/vendor/{id}],methods=[DELETE]}" onto public org.springframework.http.ResponseEntity<?> com.chuckwagon.controllers.ChuckWagonController.deleteVendor(java.lang.Integer,javax.servlet.http.HttpSession)
2016-04-11 14:34:10.788  INFO 4788 --- [    Test worker] s.w.s.m.m.a.RequestMappingHandlerMapping : Mapped "{[/vendor/{id}/location],methods=[POST]}" onto public org.springframework.http.ResponseEntity<?> com.chuckwagon.controllers.ChuckWagonController.addVendorLocation(java.lang.Integer,com.chuckwagon.entities.Location,javax.servlet.http.HttpSession)
2016-04-11 14:34:10.789  INFO 4788 --- [    Test worker] s.w.s.m.m.a.RequestMappingHandlerMapping : Mapped "{[/{Location}],methods=[GET]}" onto public java.util.List<com.chuckwagon.entities.Vendor> com.chuckwagon.controllers.ChuckWagonController.vendorByLocation(com.chuckwagon.entities.Location)
2016-04-11 14:34:10.791  INFO 4788 --- [    Test worker] s.w.s.m.m.a.RequestMappingHandlerMapping : Mapped "{[/error]}" onto public org.springframework.http.ResponseEntity<java.util.Map<java.lang.String, java.lang.Object>> org.springframework.boot.autoconfigure.web.BasicErrorController.error(javax.servlet.http.HttpServletRequest)
2016-04-11 14:34:10.792  INFO 4788 --- [    Test worker] s.w.s.m.m.a.RequestMappingHandlerMapping : Mapped "{[/error],produces=[text/html]}" onto public org.springframework.web.servlet.ModelAndView org.springframework.boot.autoconfigure.web.BasicErrorController.errorHtml(javax.servlet.http.HttpServletRequest,javax.servlet.http.HttpServletResponse)
2016-04-11 14:34:10.831  INFO 4788 --- [    Test worker] o.s.w.s.handler.SimpleUrlHandlerMapping  : Mapped URL path [/webjars/**] onto handler of type [class org.springframework.web.servlet.resource.ResourceHttpRequestHandler]
2016-04-11 14:34:10.831  INFO 4788 --- [    Test worker] o.s.w.s.handler.SimpleUrlHandlerMapping  : Mapped URL path [/**] onto handler of type [class org.springframework.web.servlet.resource.ResourceHttpRequestHandler]
2016-04-11 14:34:10.877  INFO 4788 --- [    Test worker] o.s.w.s.handler.SimpleUrlHandlerMapping  : Mapped URL path [/**/favicon.ico] onto handler of type [class org.springframework.web.servlet.resource.ResourceHttpRequestHandler]
2016-04-11 14:34:11.165  INFO 4788 --- [    Test worker] c.chuckwagon.ChuckWagonApplicationTests  : Started ChuckWagonApplicationTests in 5.156 seconds (JVM running for 6.199)
2016-04-11 14:34:11.199  INFO 4788 --- [    Test worker] o.s.b.test.SpringBootMockServletContext  : Initializing Spring FrameworkServlet ''
2016-04-11 14:34:11.199  INFO 4788 --- [    Test worker] o.s.t.web.servlet.TestDispatcherServlet  : FrameworkServlet '': initialization started
2016-04-11 14:34:11.215  INFO 4788 --- [    Test worker] o.s.t.web.servlet.TestDispatcherServlet  : FrameworkServlet '': initialization completed in 16 ms
2016-04-11 14:34:12.031  INFO 4788 --- [    Test worker] o.s.b.test.SpringBootMockServletContext  : Initializing Spring FrameworkServlet ''
2016-04-11 14:34:12.031  INFO 4788 --- [    Test worker] o.s.t.web.servlet.TestDispatcherServlet  : FrameworkServlet '': initialization started
2016-04-11 14:34:12.036  INFO 4788 --- [    Test worker] o.s.t.web.servlet.TestDispatcherServlet  : FrameworkServlet '': initialization completed in 5 ms
2016-04-11 14:34:12.399  INFO 4788 --- [    Test worker] o.s.b.test.SpringBootMockServletContext  : Initializing Spring FrameworkServlet ''
2016-04-11 14:34:12.399  INFO 4788 --- [    Test worker] o.s.t.web.servlet.TestDispatcherServlet  : FrameworkServlet '': initialization started
2016-04-11 14:34:12.402  INFO 4788 --- [    Test worker] o.s.t.web.servlet.TestDispatcherServlet  : FrameworkServlet '': initialization completed in 3 ms
2016-04-11 14:34:12.453  INFO 4788 --- [    Test worker] o.s.b.test.SpringBootMockServletContext  : Initializing Spring FrameworkServlet ''
2016-04-11 14:34:12.455  INFO 4788 --- [    Test worker] o.s.t.web.servlet.TestDispatcherServlet  : FrameworkServlet '': initialization started
2016-04-11 14:34:12.459  INFO 4788 --- [    Test worker] o.s.t.web.servlet.TestDispatcherServlet  : FrameworkServlet '': initialization completed in 3 ms
Menu{id=1, vendor=com.chuckwagon.entities.Vendor@5bb51b50, name='Monday', photoLocation='public/images/autobahnmi/menus/image5838268344478175238imageFromClient.jpg'}
2016-04-11 14:34:12.482  INFO 4788 --- [    Test worker] o.s.b.test.SpringBootMockServletContext  : Initializing Spring FrameworkServlet ''
2016-04-11 14:34:12.482  INFO 4788 --- [    Test worker] o.s.t.web.servlet.TestDispatcherServlet  : FrameworkServlet '': initialization started
2016-04-11 14:34:12.484  INFO 4788 --- [    Test worker] o.s.t.web.servlet.TestDispatcherServlet  : FrameworkServlet '': initialization completed in 2 ms
mail@mail.com
mail@mail.com
2016-04-11 14:34:12.545  INFO 4788 --- [    Test worker] o.s.b.test.SpringBootMockServletContext  : Initializing Spring FrameworkServlet ''
2016-04-11 14:34:12.545  INFO 4788 --- [    Test worker] o.s.t.web.servlet.TestDispatcherServlet  : FrameworkServlet '': initialization started
2016-04-11 14:34:12.548  INFO 4788 --- [    Test worker] o.s.t.web.servlet.TestDispatcherServlet  : FrameworkServlet '': initialization completed in 2 ms
]]></system-out>
  <system-err><![CDATA[]]></system-err>
</testsuite>
